Latexmk: applying rule 'pdflatex'...
This is pdfTeX, Version 3.14159265-2.6-1.40.19 (TeX Live 2018/Arch Linux) (preloaded format=pdflatex)
 \write18 enabled.
entering extended mode
(./thesis.tex
LaTeX2e <2018-12-01>
(./mimosis.cls
Document Class: mimosis 2017/08/01 Minimal modern thesis class
(/usr/share/texmf-dist/tex/latex/koma-script/scrbook.cls
Document Class: scrbook 2019/02/01 v3.26b KOMA-Script document class (book)
(/usr/share/texmf-dist/tex/latex/koma-script/scrkbase.sty
(/usr/share/texmf-dist/tex/latex/koma-script/scrbase.sty
(/usr/share/texmf-dist/tex/latex/graphics/keyval.sty)
(/usr/share/texmf-dist/tex/latex/koma-script/scrlfile.sty)))
(/usr/share/texmf-dist/tex/latex/koma-script/tocbasic.sty)
(/usr/share/texmf-dist/tex/latex/koma-script/scrsize11pt.clo)
(/usr/share/texmf-dist/tex/latex/koma-script/typearea.sty))
(/usr/share/texmf-dist/tex/generic/oberdiek/ifpdf.sty)
(/usr/share/texmf-dist/tex/generic/ifxetex/ifxetex.sty)
(/usr/share/texmf-dist/tex/generic/oberdiek/ifluatex.sty)
(/usr/share/texmf-dist/tex/latex/base/inputenc.sty)
(/usr/share/texmf-dist/tex/generic/babel/babel.sty
(/usr/share/texmf-dist/tex/generic/babel/switch.def)
(/usr/share/texmf-dist/tex/generic/babel-italian/italian.ldf
(/usr/share/texmf-dist/tex/generic/babel/babel.def
(/usr/share/texmf-dist/tex/generic/babel/txtbabel.def)))
(/usr/share/texmf-dist/tex/generic/babel-german/ngerman.ldf
(/usr/share/texmf-dist/tex/generic/babel-german/ngermanb.ldf))
(/usr/share/texmf-dist/tex/generic/babel-french/french.ldf)
(/usr/share/texmf-dist/tex/generic/babel-english/english.ldf))
(/usr/share/texmf-dist/tex/latex/etoolbox/etoolbox.sty)
(/usr/share/texmf-dist/tex/latex/carlisle/scalefnt.sty)
(/usr/share/texmf-dist/tex/latex/csquotes/csquotes.sty
(/usr/share/texmf-dist/tex/latex/csquotes/csquotes.def)
(/usr/share/texmf-dist/tex/latex/csquotes/csquotes.cfg))
(/usr/share/texmf-dist/tex/latex/base/makeidx.sty)
(/usr/share/texmf-dist/tex/latex/tools/xspace.sty)
(/usr/share/texmf-dist/tex/latex/xcolor/xcolor.sty
(/usr/share/texmf-dist/tex/latex/graphics-cfg/color.cfg)
(/usr/share/texmf-dist/tex/latex/graphics-def/pdftex.def)
(/usr/share/texmf-dist/tex/latex/graphics/dvipsnam.def))
(/usr/share/texmf-dist/tex/latex/graphics/graphicx.sty
(/usr/share/texmf-dist/tex/latex/graphics/graphics.sty
(/usr/share/texmf-dist/tex/latex/graphics/trig.sty)
(/usr/share/texmf-dist/tex/latex/graphics-cfg/graphics.cfg)))
(/usr/share/texmf-dist/tex/latex/caption/subcaption.sty
(/usr/share/texmf-dist/tex/latex/caption/caption.sty
(/usr/share/texmf-dist/tex/latex/caption/caption3.sty)))
(/usr/share/texmf-dist/tex/latex/glossaries/base/glossaries.sty
(/usr/share/texmf-dist/tex/latex/base/ifthen.sty)
(/usr/share/texmf-dist/tex/latex/xkeyval/xkeyval.sty
(/usr/share/texmf-dist/tex/generic/xkeyval/xkeyval.tex
(/usr/share/texmf-dist/tex/generic/xkeyval/xkvutils.tex)))
(/usr/share/texmf-dist/tex/latex/mfirstuc/mfirstuc.sty)
(/usr/share/texmf-dist/tex/latex/textcase/textcase.sty)
(/usr/share/texmf-dist/tex/latex/xfor/xfor.sty)
(/usr/share/texmf-dist/tex/latex/datatool/datatool-base.sty
(/usr/share/texmf-dist/tex/latex/amsmath/amsmath.sty
For additional information on amsmath, use the `?' option.
(/usr/share/texmf-dist/tex/latex/amsmath/amstext.sty
(/usr/share/texmf-dist/tex/latex/amsmath/amsgen.sty))
(/usr/share/texmf-dist/tex/latex/amsmath/amsbsy.sty)
(/usr/share/texmf-dist/tex/latex/amsmath/amsopn.sty))
(/usr/share/texmf-dist/tex/latex/substr/substr.sty)
(/usr/share/texmf-dist/tex/latex/datatool/datatool-fp.sty
(/usr/share/texmf-dist/tex/latex/fp/fp.sty
`Fixed Point Package', Version 0.8, April 2, 1995 (C) Michael Mehlich
(/usr/share/texmf-dist/tex/latex/fp/defpattern.sty)
(/usr/share/texmf-dist/tex/latex/fp/fp-basic.sty)
(/usr/share/texmf-dist/tex/latex/fp/fp-addons.sty)
(/usr/share/texmf-dist/tex/latex/fp/fp-snap.sty)
(/usr/share/texmf-dist/tex/latex/fp/fp-exp.sty)
(/usr/share/texmf-dist/tex/latex/fp/fp-trigo.sty)
(/usr/share/texmf-dist/tex/latex/fp/fp-pas.sty)
(/usr/share/texmf-dist/tex/latex/fp/fp-random.sty)
(/usr/share/texmf-dist/tex/latex/fp/fp-eqn.sty)
(/usr/share/texmf-dist/tex/latex/fp/fp-upn.sty)
(/usr/share/texmf-dist/tex/latex/fp/fp-eval.sty))))
(/usr/share/texmf-dist/tex/latex/glossaries/base/glossaries-compatible-307.sty)
 (/usr/share/texmf-dist/tex/latex/tracklang/tracklang.sty
(/usr/share/texmf-dist/tex/generic/tracklang/tracklang.tex))
(/usr/share/texmf-dist/tex/latex/translator/translator.sty)
(/usr/share/texmf-dist/tex/latex/glossaries-italian/glossaries-italian.ldf)
(/usr/share/texmf-dist/tex/latex/glossaries/styles/glossary-hypernav.sty)
(/usr/share/texmf-dist/tex/latex/glossaries/styles/glossary-list.sty)
(/usr/share/texmf-dist/tex/latex/glossaries/styles/glossary-long.sty
(/usr/share/texmf-dist/tex/latex/tools/longtable.sty))
(/usr/share/texmf-dist/tex/latex/glossaries/styles/glossary-super.sty
(/usr/share/texmf-dist/tex/latex/supertabular/supertabular.sty))
(/usr/share/texmf-dist/tex/latex/glossaries/styles/glossary-tree.sty))
(/usr/share/texmf-dist/tex/latex/paralist/paralist.sty)
(/usr/share/texmf-dist/tex/latex/setspace/setspace.sty)
(/usr/share/texmf-dist/tex/latex/booktabs/booktabs.sty)
(/usr/share/texmf-dist/tex/latex/multirow/multirow.sty)
(/usr/share/texmf-dist/tex/latex/siunitx/siunitx.sty
(/usr/share/texmf-dist/tex/latex/l3kernel/expl3.sty
(/usr/share/texmf-dist/tex/latex/l3kernel/expl3-code.tex)
(/usr/share/texmf-dist/tex/latex/l3kernel/l3pdfmode.def))
(/usr/share/texmf-dist/tex/latex/l3packages/xparse/xparse.sty)
(/usr/share/texmf-dist/tex/latex/tools/array.sty)
(/usr/share/texmf-dist/tex/latex/l3packages/l3keys2e/l3keys2e.sty))
(/usr/share/texmf-dist/tex/latex/amscls/amsthm.sty)
(/usr/share/texmf-dist/tex/latex/doublestroke/dsfont.sty)
(/usr/share/texmf-dist/tex/latex/koma-script/scrlayer-scrpage.sty
(/usr/share/texmf-dist/tex/latex/koma-script/scrlayer.sty)))
(/usr/share/texmf-dist/tex/latex/listings/listings.sty
(/usr/share/texmf-dist/tex/latex/listings/lstmisc.sty)
(/usr/share/texmf-dist/tex/latex/listings/listings.cfg))
(/usr/share/texmf/tex/latex/minted/minted.sty
(/usr/share/texmf-dist/tex/latex/oberdiek/kvoptions.sty
(/usr/share/texmf-dist/tex/generic/oberdiek/ltxcmds.sty)
(/usr/share/texmf-dist/tex/generic/oberdiek/kvsetkeys.sty
(/usr/share/texmf-dist/tex/generic/oberdiek/infwarerr.sty)
(/usr/share/texmf-dist/tex/generic/oberdiek/etexcmds.sty)))
(/usr/share/texmf/tex/latex/fvextra/fvextra.sty
(/usr/share/texmf-dist/tex/latex/fancyvrb/fancyvrb.sty
Style option: `fancyvrb' v3.2a <2019/01/15> (tvz))
(/usr/share/texmf-dist/tex/latex/upquote/upquote.sty)
(/usr/share/texmf-dist/tex/latex/lineno/lineno.sty

LaTeX Warning: Command \@parboxrestore  has changed.
               Check if current package is valid.

)

Package fvextra Warning: csquotes should be loaded after fvextra, to avoid a wa
rning from the lineno package on input line 37.

) (/usr/share/texmf-dist/tex/latex/tools/calc.sty)
(/usr/share/texmf-dist/tex/latex/tools/shellesc.sty)
(/usr/share/texmf-dist/tex/latex/ifplatform/ifplatform.sty
(/usr/share/texmf-dist/tex/generic/oberdiek/pdftexcmds.sty)
(/usr/share/texmf-dist/tex/generic/oberdiek/catchfile.sty) (./thesis.w18))
(/usr/share/texmf-dist/tex/generic/xstring/xstring.sty
(/usr/share/texmf-dist/tex/generic/xstring/xstring.tex))
(/usr/share/texmf-dist/tex/latex/framed/framed.sty)
(/usr/share/texmf-dist/tex/latex/float/float.sty))
(/usr/share/texmf-dist/tex/latex/hyperref/hyperref.sty
(/usr/share/texmf-dist/tex/generic/oberdiek/hobsub-hyperref.sty
(/usr/share/texmf-dist/tex/generic/oberdiek/hobsub-generic.sty))
(/usr/share/texmf-dist/tex/latex/oberdiek/auxhook.sty)
(/usr/share/texmf-dist/tex/latex/hyperref/pd1enc.def)
(/usr/share/texmf-dist/tex/latex/latexconfig/hyperref.cfg)
(/usr/share/texmf-dist/tex/latex/url/url.sty))
(/usr/share/texmf-dist/tex/latex/hyperref/hpdftex.def
(/usr/share/texmf-dist/tex/latex/oberdiek/rerunfilecheck.sty))
(/usr/share/texmf-dist/tex/latex/algorithms/algorithm.sty)
(/usr/share/texmf-dist/tex/latex/algorithmicx/algpseudocode.sty
(/usr/share/texmf-dist/tex/latex/algorithmicx/algorithmicx.sty
Document Style algorithmicx 1.2 - a greatly improved `algorithmic' style
)
Document Style - pseudocode environments for use with the `algorithmicx' style
) (/usr/share/texmf-dist/tex/latex/koma-script/scrsize12pt.clo)
(/usr/share/texmf-dist/tex/latex/amsfonts/amsfonts.sty)
(/usr/share/texmf-dist/tex/latex/amsfonts/amssymb.sty)
(/usr/share/texmf-dist/tex/latex/tools/bm.sty)/usr/bin/pygmentize


LaTeX Warning: Unused global option(s):
    [paper=a4,pagesize].

(./thesis.aux)

File italian.ldf warning: 
italian.ldf    With OT1 encoding guillemets are poorly faked
italian.ldf    Use T1 encoding
italian.ldf    or specify a font with command \CaporaliFrom
italian.ldf    See the documentation concerning the babel-italian typesetting 
italian.ldf    on input line 73.


Package french.ldf Warning: OT1 encoding should not be used for French.
(french.ldf)                Add \usepackage[T1]{fontenc} to the preamble
(french.ldf)                of your document; reported on input line 73.

(/usr/share/texmf-dist/tex/context/base/mkii/supp-pdf.mkii
[Loading MPS to PDF converter (version 2006.09.02).]
) (/usr/share/texmf-dist/tex/latex/oberdiek/epstopdf-base.sty
(/usr/share/texmf-dist/tex/latex/oberdiek/grfext.sty)
(/usr/share/texmf-dist/tex/latex/latexconfig/epstopdf-sys.cfg))
(/usr/share/texmf-dist/tex/latex/caption/ltcaption.sty)
(/usr/share/texmf-dist/tex/latex/translator/translator-basic-dictionary-English
.dict)
(/usr/share/texmf-dist/tex/latex/translator/translator-basic-dictionary-Italian
.dict) (/usr/share/texmf-dist/tex/latex/base/ts1enc.dfu)
(/usr/share/texmf-dist/tex/latex/siunitx/siunitx-abbreviations.cfg)
(/usr/share/texmf-dist/tex/latex/siunitx/siunitx-binary.cfg)
(/usr/share/texmf-dist/tex/latex/base/textcomp.sty
(/usr/share/texmf-dist/tex/latex/base/ts1enc.def))
(/usr/share/texmf-dist/tex/latex/hyperref/nameref.sty
(/usr/share/texmf-dist/tex/generic/oberdiek/gettitlestring.sty)) (./thesis.out)
 (./thesis.out) (/usr/share/texmf-dist/tex/latex/oberdiek/bookmark.sty
(/usr/share/texmf-dist/tex/latex/oberdiek/bkm-pdftex.def))
(/usr/share/texmf-dist/tex/latex/amsfonts/umsa.fd)
(/usr/share/texmf-dist/tex/latex/amsfonts/umsb.fd) [1{/var/lib/texmf/fonts/map/
pdftex/updmap/pdftex.map} <./images/logoUnipr.jpg>] (./thesis.toc [2]) [3]
chapter 1.

Class scrbook Warning: \float@addtolists detected!
(scrbook)              Implementation of \float@addtolist became
(scrbook)              deprecated in KOMA-Script v3.01 2008/11/14 and
(scrbook)              has been replaced by several more flexible
(scrbook)              features of package `tocbasic`.
(scrbook)              Since Version 3.12 support for deprecated
(scrbook)              \float@addtolist interface has been
(scrbook)              restricted to only some of the KOMA-Script
(scrbook)              features and been removed from others.
(scrbook)              Loading of package `scrhack' may help to
(scrbook)              avoid this warning, if you are using a
(scrbook)              a package that still implements the
(scrbook)              deprecated \float@addtolist interface .


LaTeX Font Warning: Font shape `OT1/cmr/m/sc' in size <50> not available
(Font)              size <24.88> substituted on input line 117.


Overfull \hbox (1.44888pt too wide) in paragraph at lines 140--145
[]\OT1/cmr/m/n/12 Le im-ple-men-tazioni di questo do-minio sono co-munque in co
n-tinua evoluzione.

Overfull \hbox (12.31543pt too wide) in paragraph at lines 146--153
[]\OT1/cmr/m/n/12 Una tec-nica eu-ris-tica, in-dipen-dente dalla rap-p-re-sen-t
azione scelta, per diminuire
[4] (/usr/share/texmf-dist/tex/latex/base/ts1cmr.fd) [5]
chapter 2.

Overfull \hbox (8.1303pt too wide) detected at line 219
[]
[6] [7] [8] [9] [10] [11]

Package hyperref Warning: Token not allowed in a PDF string (PDFDocEncoding):
(hyperref)                removing `math shift' on input line 435.


Package hyperref Warning: Token not allowed in a PDF string (PDFDocEncoding):
(hyperref)                removing `\sqsubseteq' on input line 435.

[12]

Package hyperref Warning: Token not allowed in a PDF string (PDFDocEncoding):
(hyperref)                removing `math shift' on input line 466.


Package hyperref Warning: Token not allowed in a PDF string (PDFDocEncoding):
(hyperref)                removing `\sqcup' on input line 466.

[13]

Package hyperref Warning: Token not allowed in a PDF string (PDFDocEncoding):
(hyperref)                removing `math shift' on input line 540.


Package hyperref Warning: Token not allowed in a PDF string (PDFDocEncoding):
(hyperref)                removing `\sqcap' on input line 540.

[14] [15] [16]

Package hyperref Warning: Token not allowed in a PDF string (PDFDocEncoding):
(hyperref)                removing `math shift' on input line 681.


Package hyperref Warning: Token not allowed in a PDF string (PDFDocEncoding):
(hyperref)                removing `\nabla' on input line 681.


Overfull \hbox (8.33582pt too wide) in paragraph at lines 683--689
\OT1/cmr/m/n/12 Per la doppia rap-p-re-sen-tazione, l'operatore di \OT1/cmr/m/i
t/12 widen-ing \OT1/cmr/m/n/12 ne-ces-sita come parametri
[17] [18]
chapter 3.

Overfull \hbox (2.79935pt too wide) in paragraph at lines 745--747
[]\OT1/cmr/m/n/12 inizialmente ^^Re stato ef-fet-tuato un port-ing del codice d
alla PPL alla PPLite,
[19] [20] (/usr/share/texmf-dist/tex/latex/listings/lstlang1.sty)
(/usr/share/texmf-dist/tex/latex/listings/lstlang1.sty)
(/usr/share/texmf-dist/tex/latex/listings/lstmisc.sty) [21] [22] [23]
Overfull \hbox (12.93349pt too wide) in paragraph at lines 938--945
\OT1/cmr/m/n/12 La se-man-tica ri-mane in-vari-ata in-vari-ata rispetto a quant
o de-scritto nell'Algoritmo
[24] [25] [26]
Overfull \hbox (4.61269pt too wide) in paragraph at lines 1051--1054
\OT1/cmtt/m/n/12 b1, const Block& b2) \OT1/cmr/m/n/12 che per-me-tte di unire i
 bloc-chi ed evitare che si vengano
[27]
Overfull \hbox (5.33495pt too wide) in paragraph at lines 1121--1123
\OT1/cmr/m/n/12 Qui ver-ranno mostrate le im-ple-men-tazioni delle ope-ra-zioni
 dis-cusse nella Sezione
[28] [29] [30]
Overfull \hbox (0.68927pt too wide) in paragraph at lines 1238--1241
[]\OT1/cmtt/m/n/12 extract[]block()\OT1/cmr/m/n/12 : una fun-zione che, preso u
n vin-colo, resti-tu-isce il blocco
[31] [32]
Overfull \hbox (4.30653pt too wide) in paragraph at lines 1322--1325
\OT1/cmr/m/n/12 La fun-zione \OT1/cmtt/m/n/12 affine[]image \OT1/cmr/m/n/12 ^^R
e l'implementazione dell'operazione \OT1/cmr/m/it/12 as-sign-ment \OT1/cmr/m/n/
12 vista
[33] [34]
Overfull \hbox (20.73122pt too wide) in paragraph at lines 1411--1416
\OT1/cmr/m/n/12 or-ga-niz-zare i bloc-chi in modo tale da es-sere uni-for-mati 
all'insieme $\OMS/cmsy/m/n/12 f\OT1/cmr/m/n/12 1\OML/cmm/m/it/12 ; :::; dim\OMS
/cmsy/m/n/12 g$\OT1/cmr/m/n/12 .
[35]
Overfull \hbox (13.44398pt too wide) in paragraph at lines 1450--1452
[]\OT1/cmr/m/n/12 E pre-sente an-che la ver-sione \OT1/cmtt/m/n/12 remove[]spac
e[]dims(const Index[]Set& vars)
[36] [37] [38] [39] [40]
chapter 4.
[41] [42]
chapter 5.
[43]
chapter 6.
(./thesis.bbl [44]
chapter without number
)

Package glossaries Warning: No \printglossary or \printglossaries found. 
(Remove \makeglossaries if you don't want any glossaries.) 
This document will not have a glossary.

[45] (./thesis.aux)

LaTeX Font Warning: Size substitutions with differences
(Font)              up to 25.12pt have occurred.

 )
(see the transcript file for additional information){/usr/share/texmf-dist/font
s/enc/dvips/cm-super/cm-super-ts1.enc}</usr/share/texmf-dist/fonts/type1/public
/amsfonts/cm/cmbx12.pfb></usr/share/texmf-dist/fonts/type1/public/amsfonts/cm/c
mcsc10.pfb></usr/share/texmf-dist/fonts/type1/public/amsfonts/cm/cmex10.pfb></u
sr/share/texmf-dist/fonts/type1/public/amsfonts/cm/cmmi12.pfb></usr/share/texmf
-dist/fonts/type1/public/amsfonts/cm/cmmi6.pfb></usr/share/texmf-dist/fonts/typ
e1/public/amsfonts/cm/cmmi8.pfb></usr/share/texmf-dist/fonts/type1/public/amsfo
nts/cm/cmmib10.pfb></usr/share/texmf-dist/fonts/type1/public/amsfonts/cm/cmr10.
pfb></usr/share/texmf-dist/fonts/type1/public/amsfonts/cm/cmr12.pfb></usr/share
/texmf-dist/fonts/type1/public/amsfonts/cm/cmr6.pfb></usr/share/texmf-dist/font
s/type1/public/amsfonts/cm/cmr7.pfb></usr/share/texmf-dist/fonts/type1/public/a
msfonts/cm/cmr8.pfb></usr/share/texmf-dist/fonts/type1/public/amsfonts/cm/cmsl1
2.pfb></usr/share/texmf-dist/fonts/type1/public/amsfonts/cm/cmsy10.pfb></usr/sh
are/texmf-dist/fonts/type1/public/amsfonts/cm/cmsy6.pfb></usr/share/texmf-dist/
fonts/type1/public/amsfonts/cm/cmsy8.pfb></usr/share/texmf-dist/fonts/type1/pub
lic/amsfonts/cm/cmtcsc10.pfb></usr/share/texmf-dist/fonts/type1/public/amsfonts
/cm/cmti12.pfb></usr/share/texmf-dist/fonts/type1/public/amsfonts/cm/cmtt10.pfb
></usr/share/texmf-dist/fonts/type1/public/amsfonts/cm/cmtt12.pfb></usr/share/t
exmf-dist/fonts/type1/public/amsfonts/symbols/msbm10.pfb></usr/share/texmf-dist
/fonts/type1/public/cm-super/sfrm1200.pfb>
Output written on thesis.pdf (45 pages, 560690 bytes).
Transcript written on thesis.log.
=== TeX engine is 'pdfTeX'
Latexmk: All targets (thesis.pdf) are up-to-date
